<?xml version="1.0" encoding="UTF-8"?>
<!-- Generated by org.testng.reporters.JUnitReportReporter -->
<testsuite skipped="0" hostname="DESKTOP-216C450" name="SystemMavenProject.AnotherSystem" tests="4" failures="0" timestamp="20 Jul 2018 06:21:13 GMT" time="59.651" errors="0">
  <testcase name="Login" time="12.951" classname="SystemMavenProject.AnotherSystem"/>
  <testcase name="Finance" time="26.697" classname="SystemMavenProject.AnotherSystem"/>
  <testcase name="Programs" time="14.409" classname="SystemMavenProject.AnotherSystem"/>
  <testcase name="LoadFees" time="5.594" classname="SystemMavenProject.AnotherSystem"/>
</testsuite> <!-- SystemMavenProject.AnotherSystem -->
