<?xml version="1.0" encoding="UTF-8"?>
<!-- Generated by org.testng.reporters.JUnitReportReporter -->
<testsuite skipped="2" hostname="DESKTOP-M3KNQBL" name="SystemMavenProject.AnotherSystem" tests="16" failures="0" timestamp="16 Aug 2018 07:53:20 GMT" time="286.627" errors="0">
  <testcase name="Login" time="12.059" classname="SystemMavenProject.AnotherSystem"/>
  <testcase name="Finance" time="29.934" classname="SystemMavenProject.AnotherSystem"/>
  <testcase name="LoadFees" time="0.001" classname="SystemMavenProject.AnotherSystem">
    <skipped/>
  </testcase> <!-- LoadFees -->
  <testcase name="Programs" time="0.000" classname="SystemMavenProject.AnotherSystem">
    <skipped/>
  </testcase> <!-- Programs -->
  <testcase name="MnuProgramProducts" time="15.379" classname="SystemMavenProject.AnotherSystem"/>
  <testcase name="MnuProgramProductRef" time="18.904" classname="SystemMavenProject.AnotherSystem"/>
  <testcase name="MnuProgramCarrierType" time="19.610" classname="SystemMavenProject.AnotherSystem"/>
  <testcase name="MnuProgramDeliveryFee" time="23.951" classname="SystemMavenProject.AnotherSystem"/>
  <testcase name="MnuProgramTariff" time="17.748" classname="SystemMavenProject.AnotherSystem"/>
  <testcase name="MnuUserSystemUser" time="27.052" classname="SystemMavenProject.AnotherSystem"/>
  <testcase name="MnuUserProgramUser" time="24.823" classname="SystemMavenProject.AnotherSystem"/>
  <testcase name="MnuIPWhitelist" time="15.252" classname="SystemMavenProject.AnotherSystem"/>
  <testcase name="MnuSupportCardholder" time="10.828" classname="SystemMavenProject.AnotherSystem"/>
  <testcase name="MnuSettingsPrefund" time="9.728" classname="SystemMavenProject.AnotherSystem"/>
  <testcase name="MnuSettingsDeliveryMethod" time="55.480" classname="SystemMavenProject.AnotherSystem"/>
  <testcase name="MnuLogsCardholders" time="5.878" classname="SystemMavenProject.AnotherSystem"/>
</testsuite> <!-- SystemMavenProject.AnotherSystem -->
