<?xml version="1.0" encoding="UTF-8"?>
<!-- Generated by org.testng.reporters.JUnitReportReporter -->
<testsuite skipped="0" hostname="DESKTOP-M3KNQBL" name="SystemMavenProject.AnotherSystem" tests="4" failures="0" timestamp="31 Jul 2018 04:47:03 GMT" time="65.375" errors="0">
  <testcase name="Login" time="12.720" classname="SystemMavenProject.AnotherSystem"/>
  <testcase name="Finance" time="30.843" classname="SystemMavenProject.AnotherSystem"/>
  <testcase name="Programs" time="16.385" classname="SystemMavenProject.AnotherSystem"/>
  <testcase name="LoadFees" time="5.427" classname="SystemMavenProject.AnotherSystem"/>
</testsuite> <!-- SystemMavenProject.AnotherSystem -->
